INFO    : Since no target was supplied, we will use "web".

INFO    : Building target web
INFO    : Generating any needed assets.
INFO    : Finished generating assets.

INFO    : Building with custom xsl /home/GitHub/cpge-eqdiff/xsl/dmoi-html.xsl
INFO    : Preparing to build into /home/GitHub/cpge-eqdiff/output/web.
INFO    : discovering source file's directory name: /home/GitHub/cpge-eqdiff/source
INFO    : verifying and expanding input directory: /home/GitHub/cpge-eqdiff/source/../generated-assets
INFO    : input directory expanded to absolute path: /home/GitHub/cpge-eqdiff/generated-assets
INFO    : verifying and expanding input directory: /home/GitHub/cpge-eqdiff/source/../assets
INFO    : input directory expanded to absolute path: /home/GitHub/cpge-eqdiff/assets
INFO    : Runestone Services via online CDN query: version 7.5.10
INFO    : Downloading Runestone Services, version 7.5.10
INFO    : Extracting Runestone Services from archive file
INFO    : XSL conversion of /home/GitHub/cpge-eqdiff/source/main.ptx by /home/mxbouja/.ptx/2.13.5/core/xsl/utilities/report-publisher-variables.xsl
INFO    : successful application of /home/mxbouja/.ptx/2.13.5/core/xsl/utilities/report-publisher-variables.xsl
INFO    : converting /home/GitHub/cpge-eqdiff/source/main.ptx to HTML in /tmp/ptx-gg_xkbf_
INFO    : XSL conversion of /home/GitHub/cpge-eqdiff/source/main.ptx by /tmp/ptxcli_zmtda591/cli_xsl/dmoi-html.xsl
INFO    : messages from the log for XSL processing:
INFO    : * PTX:INFO:   checking ONLY the last TWO YEARS of element deprecations.
Rerun with the string parameter "author.deprecations.all" set to "yes" to check your source against all deprecations.
WARNING : * PTX:WARNING: Unstructured content within a list item is being ignored (".")
INFO    : *              located within: "Variation des constantes" (title)
WARNING : * PTX:WARNING: Unstructured content within a list item is being ignored ("Réciproquement, soit une suite non nulle")
INFO    : *              located within: "act-eqdse" (xml:id), "solutions DSE d'une EDLS normalisable" (title)
WARNING : * PTX:WARNING: Unstructured content within a list item is being ignored ("qui vérifie la relation")
INFO    : *              located within: "act-eqdse" (xml:id), "solutions DSE d'une EDLS normalisable" (title)
WARNING : * PTX:WARNING: Unstructured content within a list item is being ignored (". On considère")
INFO    : *              located within: "act-eqdse" (xml:id), "solutions DSE d'une EDLS normalisable" (title)
WARNING : * PTX:WARNING: Unstructured content within a list item is being ignored ("et")
INFO    : *              located within: "act-eqdse" (xml:id), "solutions DSE d'une EDLS normalisable" (title)
WARNING : * PTX:WARNING: Unstructured content within a list item is being ignored ("tels que")
INFO    : *              located within: "act-eqdse" (xml:id), "solutions DSE d'une EDLS normalisable" (title)
WARNING : * PTX:WARNING: Unstructured content within a list item is being ignored ("et")
INFO    : *              located within: "act-eqdse" (xml:id), "solutions DSE d'une EDLS normalisable" (title)
WARNING : * PTX:WARNING: Unstructured content within a list item is being ignored ("pour tout")
INFO    : *              located within: "act-eqdse" (xml:id), "solutions DSE d'une EDLS normalisable" (title)
WARNING : * PTX:WARNING: Unstructured content within a list item is being ignored (". On pose")
INFO    : *              located within: "act-eqdse" (xml:id), "solutions DSE d'une EDLS normalisable" (title)
WARNING : * PTX:WARNING: Unstructured content within a list item is being ignored ("et")
INFO    : *              located within: "act-eqdse" (xml:id), "solutions DSE d'une EDLS normalisable" (title)
WARNING : * PTX:WARNING: Unstructured content within a list item is being ignored ("En injectant l'expression")
INFO    : *              located within: "act-eqdse" (xml:id), "solutions DSE d'une EDLS normalisable" (title)
WARNING : * PTX:WARNING: Unstructured content within a list item is being ignored ("dans l'équation")
INFO    : *              located within: "act-eqdse" (xml:id), "solutions DSE d'une EDLS normalisable" (title)
WARNING : * PTX:WARNING: Unstructured content within a list item is being ignored ("on obtient")
INFO    : *              located within: "act-eqdse" (xml:id), "solutions DSE d'une EDLS normalisable" (title)
WARNING : * PTX:WARNING: Unstructured content within a list item is being ignored ("L'existence de")
INFO    : *              located within: "act-eqdse" (xml:id), "solutions DSE d'une EDLS normalisable" (title)
WARNING : * PTX:WARNING: Unstructured content within a list item is being ignored ("tel que")
INFO    : *              located within: "act-eqdse" (xml:id), "solutions DSE d'une EDLS normalisable" (title)
WARNING : * PTX:WARNING: Unstructured content within a list item is being ignored ("et")
INFO    : *              located within: "act-eqdse" (xml:id), "solutions DSE d'une EDLS normalisable" (title)
WARNING : * PTX:WARNING: Unstructured content within a list item is being ignored ("découle du fait que")
INFO    : *              located within: "act-eqdse" (xml:id), "solutions DSE d'une EDLS normalisable" (title)
WARNING : * PTX:WARNING: Unstructured content within a list item is being ignored ("est plue petit que les rayons de convergence des séries entières")
INFO    : *              located within: "act-eqdse" (xml:id), "solutions DSE d'une EDLS normalisable" (title)
WARNING : * PTX:WARNING: Unstructured content within a list item is being ignored ("et")
INFO    : *              located within: "act-eqdse" (xml:id), "solutions DSE d'une EDLS normalisable" (title)
WARNING : * PTX:WARNING: Unstructured content within a list item is being ignored (". Ensuite la relation précédente sur les termes")
INFO    : *              located within: "act-eqdse" (xml:id), "solutions DSE d'une EDLS normalisable" (title)
WARNING : * PTX:WARNING: Unstructured content within a list item is being ignored ("implique que pour tout")
INFO    : *              located within: "act-eqdse" (xml:id), "solutions DSE d'une EDLS normalisable" (title)
INFO    : successful application of /tmp/ptxcli_zmtda591/cli_xsl/dmoi-html.xsl
INFO    : Removing temporary directory /tmp/ptx-gg_xkbf_
INFO    : Removing temporary directory /tmp/ptx-fmpt5e6s
INFO    : 
Success! Run `pretext view` to see the results.

INFO    : 
