INFO    : Since no target was supplied, we will use "web".

INFO    : Building target web
INFO    : Generating any needed assets.
INFO    : Finished generating assets.

INFO    : Building with custom xsl /home/GitHub/cpge-eqdiff/xsl/dmoi-html.xsl
INFO    : Preparing to build into /home/GitHub/cpge-eqdiff/output/web.
INFO    : discovering source file's directory name: /home/GitHub/cpge-eqdiff/source
INFO    : verifying and expanding input directory: /home/GitHub/cpge-eqdiff/source/../generated-assets
INFO    : input directory expanded to absolute path: /home/GitHub/cpge-eqdiff/generated-assets
INFO    : verifying and expanding input directory: /home/GitHub/cpge-eqdiff/source/../assets
INFO    : input directory expanded to absolute path: /home/GitHub/cpge-eqdiff/assets
INFO    : Runestone Services via online CDN query: version 7.5.10
INFO    : Downloading Runestone Services, version 7.5.10
INFO    : Extracting Runestone Services from archive file
INFO    : XSL conversion of /home/GitHub/cpge-eqdiff/source/main.ptx by /home/mxbouja/.ptx/2.13.5/core/xsl/utilities/report-publisher-variables.xsl
INFO    : successful application of /home/mxbouja/.ptx/2.13.5/core/xsl/utilities/report-publisher-variables.xsl
INFO    : converting /home/GitHub/cpge-eqdiff/source/main.ptx to HTML in /tmp/ptx-mrm14w2f
INFO    : XSL conversion of /home/GitHub/cpge-eqdiff/source/main.ptx by /tmp/ptxcli_v2exrsf8/cli_xsl/dmoi-html.xsl
INFO    : messages from the log for XSL processing:
INFO    : * PTX:INFO:   checking ONLY the last TWO YEARS of element deprecations.
Rerun with the string parameter "author.deprecations.all" set to "yes" to check your source against all deprecations.
INFO    : successful application of /tmp/ptxcli_v2exrsf8/cli_xsl/dmoi-html.xsl
INFO    : Removing temporary directory /tmp/ptx-mrm14w2f
INFO    : Removing temporary directory /tmp/ptx-3ps43ykg
INFO    : 
Success! Run `pretext view` to see the results.

INFO    : 
