INFO    : Since no target was supplied, we will use "web".

INFO    : Building target web
INFO    : Generating any needed assets.
INFO    : Finished generating assets.

INFO    : Building with custom xsl /home/GitHub/cpge-eqdiff/xsl/dmoi-html.xsl
INFO    : Preparing to build into /home/GitHub/cpge-eqdiff/output/web.
INFO    : discovering source file's directory name: /home/GitHub/cpge-eqdiff/source
INFO    : verifying and expanding input directory: /home/GitHub/cpge-eqdiff/source/../generated-assets
INFO    : input directory expanded to absolute path: /home/GitHub/cpge-eqdiff/generated-assets
INFO    : verifying and expanding input directory: /home/GitHub/cpge-eqdiff/source/../assets
INFO    : input directory expanded to absolute path: /home/GitHub/cpge-eqdiff/assets
INFO    : Runestone Services via online CDN query: version 7.5.9
INFO    : Downloading Runestone Services, version 7.5.9
INFO    : Extracting Runestone Services from archive file
INFO    : XSL conversion of /home/GitHub/cpge-eqdiff/source/main.ptx by /home/mxbouja/.ptx/2.13.5/core/xsl/utilities/report-publisher-variables.xsl
INFO    : successful application of /home/mxbouja/.ptx/2.13.5/core/xsl/utilities/report-publisher-variables.xsl
INFO    : converting /home/GitHub/cpge-eqdiff/source/main.ptx to HTML in /tmp/ptx-c727el38
INFO    : XSL conversion of /home/GitHub/cpge-eqdiff/source/main.ptx by /tmp/ptxcli_oiy8660d/cli_xsl/dmoi-html.xsl
INFO    : messages from the log for XSL processing:
INFO    : * PTX:INFO:   checking ONLY the last TWO YEARS of element deprecations.
Rerun with the string parameter "author.deprecations.all" set to "yes" to check your source against all deprecations.
WARNING : * PTX:WARNING: Unstructured content within a list item is being ignored ("On appelle solution de")
INFO    : *              located within: "conventions-et-notations-two" (xml:id), "Conventions et notations" (title)
WARNING : * PTX:WARNING: Unstructured content within a list item is being ignored ("sur")
INFO    : *              located within: "conventions-et-notations-two" (xml:id), "Conventions et notations" (title)
WARNING : * PTX:WARNING: Unstructured content within a list item is being ignored ("toute fonction")
INFO    : *              located within: "conventions-et-notations-two" (xml:id), "Conventions et notations" (title)
WARNING : * PTX:WARNING: Unstructured content within a list item is being ignored ("telle que :")
INFO    : *              located within: "conventions-et-notations-two" (xml:id), "Conventions et notations" (title)
WARNING : * PTX:WARNING: Unstructured content within a list item is being ignored ("Montrer que l'application")
INFO    : *              located within: "solutions-bornees" (xml:id), "Solutions bornées d'une équation différentielle linéaire" (title)
WARNING : * PTX:WARNING: Unstructured content within a list item is being ignored ("est bornée sur")
INFO    : *              located within: "solutions-bornees" (xml:id), "Solutions bornées d'une équation différentielle linéaire" (title)
WARNING : * PTX:WARNING: Unstructured content within a list item is being ignored ("si et seulement si")
INFO    : *              located within: "solutions-bornees" (xml:id), "Solutions bornées d'une équation différentielle linéaire" (title)
WARNING : * PTX:WARNING: Unstructured content within a list item is being ignored ("Soit")
INFO    : *              located within: "solutions-bornees" (xml:id), "Solutions bornées d'une équation différentielle linéaire" (title)
WARNING : * PTX:WARNING: Unstructured content within a list item is being ignored ("et considérons la solution")
INFO    : *              located within: "solutions-bornees" (xml:id), "Solutions bornées d'une équation différentielle linéaire" (title)
WARNING : * PTX:WARNING: Unstructured content within a list item is being ignored (". Décomposons")
INFO    : *              located within: "solutions-bornees" (xml:id), "Solutions bornées d'une équation différentielle linéaire" (title)
WARNING : * PTX:WARNING: Unstructured content within a list item is being ignored ("sous la forme")
INFO    : *              located within: "solutions-bornees" (xml:id), "Solutions bornées d'une équation différentielle linéaire" (title)
WARNING : * PTX:WARNING: Unstructured content within a list item is being ignored ("où pour tout")
INFO    : *              located within: "solutions-bornees" (xml:id), "Solutions bornées d'une équation différentielle linéaire" (title)
WARNING : * PTX:WARNING: Unstructured content within a list item is being ignored (",")
INFO    : *              located within: "solutions-bornees" (xml:id), "Solutions bornées d'une équation différentielle linéaire" (title)
WARNING : * PTX:WARNING: Unstructured content within a list item is being ignored (". On peut poser pour tout")
INFO    : *              located within: "solutions-bornees" (xml:id), "Solutions bornées d'une équation différentielle linéaire" (title)
WARNING : * PTX:WARNING: Unstructured content within a list item is being ignored ("On a alors pour tout")
INFO    : *              located within: "solutions-bornees" (xml:id), "Solutions bornées d'une équation différentielle linéaire" (title)
WARNING : * PTX:WARNING: Unstructured content within a list item is being ignored (",")
INFO    : *              located within: "solutions-bornees" (xml:id), "Solutions bornées d'une équation différentielle linéaire" (title)
WARNING : * PTX:WARNING: Unstructured content within a list item is being ignored ("et donc")
INFO    : *              located within: "solutions-bornees" (xml:id), "Solutions bornées d'une équation différentielle linéaire" (title)
WARNING : * PTX:WARNING: Unstructured content within a list item is being ignored ("est bornée si et seulement si les fonctions")
INFO    : *              located within: "solutions-bornees" (xml:id), "Solutions bornées d'une équation différentielle linéaire" (title)
WARNING : * PTX:WARNING: Unstructured content within a list item is being ignored ("sont toutes bornées.")
INFO    : *              located within: "solutions-bornees" (xml:id), "Solutions bornées d'une équation différentielle linéaire" (title)
WARNING : * PTX:WARNING: Unstructured content within a list item is being ignored ("Ainsi, la solution")
INFO    : *              located within: "solutions-bornees" (xml:id), "Solutions bornées d'une équation différentielle linéaire" (title)
WARNING : * PTX:WARNING: Unstructured content within a list item is being ignored ("de")
INFO    : *              located within: "solutions-bornees" (xml:id), "Solutions bornées d'une équation différentielle linéaire" (title)
WARNING : * PTX:WARNING: Unstructured content within a list item is being ignored ("est bornée si et seulement si")
INFO    : *              located within: "solutions-bornees" (xml:id), "Solutions bornées d'une équation différentielle linéaire" (title)
WARNING : * PTX:WARNING: Unstructured content within a list item is being ignored ("où")
INFO    : *              located within: "solutions-bornees" (xml:id), "Solutions bornées d'une équation différentielle linéaire" (title)
WARNING : * PTX:WARNING: Unstructured content within a list item is being ignored ("et")
INFO    : *              located within: "solutions-bornees" (xml:id), "Solutions bornées d'une équation différentielle linéaire" (title)
WARNING : * PTX:WARNING: Unstructured content within a list item is being ignored (".")
INFO    : *              located within: "solutions-bornees" (xml:id), "Solutions bornées d'une équation différentielle linéaire" (title)
INFO    : successful application of /tmp/ptxcli_oiy8660d/cli_xsl/dmoi-html.xsl
INFO    : Removing temporary directory /tmp/ptx-c727el38
INFO    : Removing temporary directory /tmp/ptx-gjv0fzs7
INFO    : 
Success! Run `pretext view` to see the results.

INFO    : 
