INFO    : Since no target was supplied, we will use "web".

INFO    : Building target web
INFO    : Generating any needed assets.
INFO    : Finished generating assets.

INFO    : Building with custom xsl /home/GitHub/cpge-eqdiff/cpge-template/xsl/dmoi-html.xsl
INFO    : Preparing to build into /home/GitHub/cpge-eqdiff/cpge-template/output/web.
INFO    : discovering source file's directory name: /home/GitHub/cpge-eqdiff/cpge-template/source
INFO    : verifying and expanding input directory: /home/GitHub/cpge-eqdiff/cpge-template/source/../generated-assets
INFO    : input directory expanded to absolute path: /home/GitHub/cpge-eqdiff/cpge-template/generated-assets
INFO    : verifying and expanding input directory: /home/GitHub/cpge-eqdiff/cpge-template/source/../assets
INFO    : input directory expanded to absolute path: /home/GitHub/cpge-eqdiff/cpge-template/assets
INFO    : Runestone Services via online CDN query: version 7.5.9
INFO    : Downloading Runestone Services, version 7.5.9
INFO    : Extracting Runestone Services from archive file
INFO    : XSL conversion of /home/GitHub/cpge-eqdiff/cpge-template/source/main.ptx by /home/mxbouja/.ptx/2.13.5/core/xsl/utilities/report-publisher-variables.xsl
INFO    : successful application of /home/mxbouja/.ptx/2.13.5/core/xsl/utilities/report-publisher-variables.xsl
INFO    : converting /home/GitHub/cpge-eqdiff/cpge-template/source/main.ptx to HTML in /tmp/ptx-bbmrjcgs
INFO    : XSL conversion of /home/GitHub/cpge-eqdiff/cpge-template/source/main.ptx by /tmp/ptxcli_drm5d79x/cli_xsl/dmoi-html.xsl
INFO    : messages from the log for XSL processing:
INFO    : * PTX:INFO:   checking ONLY the last TWO YEARS of element deprecations.
Rerun with the string parameter "author.deprecations.all" set to "yes" to check your source against all deprecations.
ERROR   : * PTX:ERROR:   a cross-reference ("xref") uses references [duhammel] that do not point to any target, or perhaps point to multiple targets.  Maybe you typed an @xml:id value wrong, maybe the target of the @xml:id is nonexistent, or maybe you temporarily removed the target from your source, or maybe an auxiliary file contains a duplicate.  Your output will contain some placeholder text that you will not want to distribute to your readers.
INFO    : *              located within: "Résolvantes d'une équation à coefficients constants" (title)
ERROR   : * PTX:ERROR:   a cross-reference ("xref") uses references [duhammel] that do not point to any target, or perhaps point to multiple targets.  Maybe you typed an @xml:id value wrong, maybe the target of the @xml:id is nonexistent, or maybe you temporarily removed the target from your source, or maybe an auxiliary file contains a duplicate.  Your output will contain some placeholder text that you will not want to distribute to your readers.
INFO    : *              located within: "Résolvantes d'une équation à coefficients constants" (title)
INFO    : successful application of /tmp/ptxcli_drm5d79x/cli_xsl/dmoi-html.xsl
INFO    : Removing temporary directory /tmp/ptx-bbmrjcgs
INFO    : Removing temporary directory /tmp/ptx-_9vdznml
INFO    : 
Success! Run `pretext view` to see the results.

INFO    : 
----------------------------------------------------
INFO    : While running pretext, the following errors occurred:

INFO    : (see log messages above or in the 'logs' folder for more information)
INFO    : ----------------------------------------------------
